<?xml version="1.0" encoding="UTF-8"?>
<testsuite xmlns:xsi="http://www.w3.org/2001/XMLSchema-instance" xsi:noNamespaceSchemaLocation="https://maven.apache.org/surefire/maven-surefire-plugin/xsd/surefire-test-report-3.0.xsd" version="3.0" name="viewOngoingRequests" time="30.614" tests="3" errors="0" skipped="0" failures="1">
  <properties>
[...]
</properties>
  <testcase name="testOngoing" classname="viewOngoingRequests" time="17.561">
    <system-out><![CDATA[Found file: server(1).py
Found file: mongodb-atlas-cli_1.6.0_linux_arm64.deb
Found file: 60714052-b4cd-42d9-a61e-f48a2c098640.webp
Found file: .~lock.FSC Time Table & List of Courses Spring 2023 v1.1.xlsx#
Found file: projects stuff
Found file: ppit-2.pdf
Found file: fyp
Found file: server(2).py
Found file: 20L-1192-1.pdf
Found file: Turnitin.pdf
Found file: fl.py
Found file: node-v18.14.0-linux-x64.tar.xz
Found file: .com.google.Chrome.zPsHIU
Found file: apache-netbeans_19-1_all.deb
Found file: chromedriver-linux64.zip
Found file: Official Transcript.pdf
Found file: 20L-1192.pdf
Found file: IntegrationTesting.pptx
Found file: IS-Material(1).zip
Found file: virtualbox-7.0_7.0.12-159484~Ubuntu~jammy_amd64.deb
Found file: FR-UNet-master.zip
Found file: ROSE and ROSE-O.zip
Found file: android-studio
Found file: epfl mughees.pdf
Found file: mongodb-mongosh_1.8.2_amd64.deb
Found file: best_metric_model_segmentation2d_dict.pth
Found file: 20L-1192_20L-2198.pdf
Found file: deliverable_1(1)
Found file: code_1.74.3-1673284829_amd64.deb
Found file: PP_Assign2_ArchiKraft AI(1).pptx
Found file: cv lecture 13-17.pdf
Found file: kahaani-kahaanixTTS
Found file: IS-Material
Found file: Paper.pdf
Found file: starting_point_salehamuzammil.ovpn
Found file: PiiT-QuizII - A.docx
Found file: FYPFast.zip
Found file: TTS-ASR-Deploy-Kahaani
Found file: PP_Assign2_ArchiKraft AI.pptx
Found file: ali.mp4
Found file: slack-desktop-4.33.73-amd64.deb
Found file: teamviewer_15.40.8_amd64.deb
Found file: StarUML_5.1.0_amd64.deb
Found file: ST Deliverable.pdf
Found file: guftagu_frontend-taha-branch
Found file: course_outline_cs582_v5.pdf
Found file: summer@ epfl saleha.pdf
Found file: server.py
Found file: slides-serif(1).html
Found file: Resume.pdf
Found file: deliverable2.pdf
Found file: PiiT-QuizII - B - Solution.docx
Found file: Part 1
Found file: Testing
Found file: zoom_amd64.deb
Found file: CHASEDB1.zip
Found file: kali-linux-2022.4-qemu-amd64.qcow2
Found file: node-v18.14.0-linux-x64
Found file: Quiz2.docx
Found file: visualize.py
Found file: checkpoint-epoch1.pth
Found file: deliverable_1.zip
Found file: me
Found file: mongodb-compass_1.36.4_amd64.deb
Found file: Quiz1.docx
Found file: IS Project.pdf
Found file: opencv
Found file: chromedriver
Found file: weight.pt
Found file: FederatedVessel___A_Federated_Learning_Approach_for_Retinal_Vessel_Segmentation.pdf
Found file: LR_model.ipynb
Found file: slides-serif.html
Found file: google-chrome-stable_current_amd64 (1).deb
Found file: test (1).ipynb
Found file: IS_project.pdf
Found file: .ipynb_checkpoints
Found file: deliverable_1(1).zip
Found file: projects stuff (copy)
Found file: kali-linux-2022.4-qemu-amd64.7z
Found file: RAship Task Report.docx
Found file: guftagu_frontend-taha-branch (copy)
Found file: server(1).py
Found file: mongodb-atlas-cli_1.6.0_linux_arm64.deb
Found file: 60714052-b4cd-42d9-a61e-f48a2c098640.webp
Found file: .~lock.FSC Time Table & List of Courses Spring 2023 v1.1.xlsx#
Found file: projects stuff
Found file: ppit-2.pdf
Found file: fyp
Found file: server(2).py
Found file: 20L-1192-1.pdf
Found file: Turnitin.pdf
Found file: fl.py
Found file: node-v18.14.0-linux-x64.tar.xz
Found file: apache-netbeans_19-1_all.deb
Found file: chromedriver-linux64.zip
Found file: Official Transcript.pdf
Found file: 20L-1192.pdf
Found file: IntegrationTesting.pptx
Found file: IS-Material(1).zip
Found file: virtualbox-7.0_7.0.12-159484~Ubuntu~jammy_amd64.deb
Found file: FR-UNet-master.zip
Found file: ROSE and ROSE-O.zip
Found file: android-studio
Found file: epfl mughees.pdf
Found file: mongodb-mongosh_1.8.2_amd64.deb
Found file: best_metric_model_segmentation2d_dict.pth
Found file: 20L-1192_20L-2198.pdf
Found file: deliverable_1(1)
Found file: code_1.74.3-1673284829_amd64.deb
Found file: PP_Assign2_ArchiKraft AI(1).pptx
Found file: cv lecture 13-17.pdf
Found file: kahaani-kahaanixTTS
Found file: IS-Material
Found file: Paper.pdf
Found file: starting_point_salehamuzammil.ovpn
Found file: PiiT-QuizII - A.docx
Found file: FYPFast.zip
Found file: TTS-ASR-Deploy-Kahaani
Found file: PP_Assign2_ArchiKraft AI.pptx
Found file: ali.mp4
Found file: slack-desktop-4.33.73-amd64.deb
Found file: teamviewer_15.40.8_amd64.deb
Found file: StarUML_5.1.0_amd64.deb
Found file: ST Deliverable.pdf
Found file: guftagu_frontend-taha-branch
Found file: course_outline_cs582_v5.pdf
Found file: summer@ epfl saleha.pdf
Found file: server.py
Found file: slides-serif(1).html
Found file: Resume.pdf
Found file: deliverable2.pdf
Found file: PiiT-QuizII - B - Solution.docx
Found file: Part 1
Found file: Testing
Found file: zoom_amd64.deb
Found file: CHASEDB1.zip
Found file: kali-linux-2022.4-qemu-amd64.qcow2
Found file: node-v18.14.0-linux-x64
Found file: Quiz2.docx
Found file: Mughees_Sun Nov 26 2023 15_25_46 GMT+0500 (Pakistan Standard Time)
]]></system-out>
    <system-err><![CDATA[SLF4J: Failed to load class "org.slf4j.impl.StaticLoggerBinder".
SLF4J: Defaulting to no-operation (NOP) logger implementation
SLF4J: See http://www.slf4j.org/codes.html#StaticLoggerBinder for further details.
Starting ChromeDriver 119.0.6045.159 (eaa767197fa7dd412133d1b84f7eb60da43409c9-refs/branch-heads/6045@{#1327}) on port 2318
Only local connections are allowed.
Please see https://chromedriver.chromium.org/security-considerations for suggestions on keeping ChromeDriver safe.
ChromeDriver was started successfully.
Nov 27, 2023 10:37:15 PM org.openqa.selenium.devtools.CdpVersionFinder findNearestMatch
WARNING: Unable to find CDP implementation matching 119
Nov 27, 2023 10:37:15 PM org.openqa.selenium.chromium.ChromiumDriver lambda$new$3
WARNING: Unable to find version of CDP to use for . You may need to include a dependency on a specific version of the CDP using something similar to `org.seleniumhq.selenium:selenium-devtools-v86:4.8.2` where the version ("v86") matches the version of the chromium-based browser you're using and the version number of the artifact is the same as Selenium's.
]]></system-err>
  </testcase>
  <testcase name="noOngoing" classname="viewOngoingRequests" time="5.588">
    <system-err><![CDATA[Starting ChromeDriver 119.0.6045.159 (eaa767197fa7dd412133d1b84f7eb60da43409c9-refs/branch-heads/6045@{#1327}) on port 4026
Only local connections are allowed.
Please see https://chromedriver.chromium.org/security-considerations for suggestions on keeping ChromeDriver safe.
ChromeDriver was started successfully.
Nov 27, 2023 10:37:31 PM org.openqa.selenium.devtools.CdpVersionFinder findNearestMatch
WARNING: Unable to find CDP implementation matching 119
Nov 27, 2023 10:37:31 PM org.openqa.selenium.chromium.ChromiumDriver lambda$new$3
WARNING: Unable to find version of CDP to use for . You may need to include a dependency on a specific version of the CDP using something similar to `org.seleniumhq.selenium:selenium-devtools-v86:4.8.2` where the version ("v86") matches the version of the chromium-based browser you're using and the version number of the artifact is the same as Selenium's.
]]></system-err>
  </testcase>
  <testcase name="testRefreshConsistency" classname="viewOngoingRequests" time="7.308">
    <failure message="The number of ongoing requests should remain consistent after refresh. expected:&lt;0&gt; but was:&lt;30&gt;" type="java.lang.AssertionError"><![CDATA[java.lang.AssertionError: The number of ongoing requests should remain consistent after refresh. expected:<0> but was:<30>
	at org.junit.Assert.fail(Assert.java:89)
	at org.junit.Assert.failNotEquals(Assert.java:835)
	at org.junit.Assert.assertEquals(Assert.java:647)
	at viewOngoingRequests.testRefreshConsistency(viewOngoingRequests.java:194)
	at java.base/jdk.internal.reflect.NativeMethodAccessorImpl.invoke0(Native Method)
	at java.base/jdk.internal.reflect.NativeMethodAccessorImpl.invoke(NativeMethodAccessorImpl.java:62)
	at java.base/jdk.internal.reflect.DelegatingMethodAccessorImpl.invoke(DelegatingMethodAccessorImpl.java:43)
	at java.base/java.lang.reflect.Method.invoke(Method.java:566)
	at org.junit.runners.model.FrameworkMethod$1.runReflectiveCall(FrameworkMethod.java:59)
	at org.junit.internal.runners.model.ReflectiveCallable.run(ReflectiveCallable.java:12)
	at org.junit.runners.model.FrameworkMethod.invokeExplosively(FrameworkMethod.java:56)
	at org.junit.internal.runners.statements.InvokeMethod.evaluate(InvokeMethod.java:17)
	at org.junit.internal.runners.statements.RunBefores.evaluate(RunBefores.java:26)
	at org.junit.internal.runners.statements.RunAfters.evaluate(RunAfters.java:27)
	at org.junit.runners.ParentRunner$3.evaluate(ParentRunner.java:306)
	at org.junit.runners.BlockJUnit4ClassRunner$1.evaluate(BlockJUnit4ClassRunner.java:100)
	at org.junit.runners.ParentRunner.runLeaf(ParentRunner.java:366)
	at org.junit.runners.BlockJUnit4ClassRunner.runChild(BlockJUnit4ClassRunner.java:103)
	at org.junit.runners.BlockJUnit4ClassRunner.runChild(BlockJUnit4ClassRunner.java:63)
	at org.junit.runners.ParentRunner$4.run(ParentRunner.java:331)
	at org.junit.runners.ParentRunner$1.schedule(ParentRunner.java:79)
	at org.junit.runners.ParentRunner.runChildren(ParentRunner.java:329)
	at org.junit.runners.ParentRunner.access$100(ParentRunner.java:66)
	at org.junit.runners.ParentRunner$2.evaluate(ParentRunner.java:293)
	at org.junit.runners.ParentRunner$3.evaluate(ParentRunner.java:306)
	at org.junit.runners.ParentRunner.run(ParentRunner.java:413)
	at org.apache.maven.surefire.junit4.JUnit4Provider.execute(JUnit4Provider.java:316)
	at org.apache.maven.surefire.junit4.JUnit4Provider.executeWithRerun(JUnit4Provider.java:240)
	at org.apache.maven.surefire.junit4.JUnit4Provider.executeTestSet(JUnit4Provider.java:214)
	at org.apache.maven.surefire.junit4.JUnit4Provider.invoke(JUnit4Provider.java:155)
	at org.apache.maven.surefire.booter.ForkedBooter.runSuitesInProcess(ForkedBooter.java:385)
	at org.apache.maven.surefire.booter.ForkedBooter.execute(ForkedBooter.java:162)
	at org.apache.maven.surefire.booter.ForkedBooter.run(ForkedBooter.java:507)
	at org.apache.maven.surefire.booter.ForkedBooter.main(ForkedBooter.java:495)
]]></failure>
    <system-err><![CDATA[Starting ChromeDriver 119.0.6045.159 (eaa767197fa7dd412133d1b84f7eb60da43409c9-refs/branch-heads/6045@{#1327}) on port 21771
Only local connections are allowed.
Please see https://chromedriver.chromium.org/security-considerations for suggestions on keeping ChromeDriver safe.
ChromeDriver was started successfully.
Nov 27, 2023 10:37:36 PM org.openqa.selenium.devtools.CdpVersionFinder findNearestMatch
WARNING: Unable to find CDP implementation matching 119
Nov 27, 2023 10:37:36 PM org.openqa.selenium.chromium.ChromiumDriver lambda$new$3
WARNING: Unable to find version of CDP to use for . You may need to include a dependency on a specific version of the CDP using something similar to `org.seleniumhq.selenium:selenium-devtools-v86:4.8.2` where the version ("v86") matches the version of the chromium-based browser you're using and the version number of the artifact is the same as Selenium's.
]]></system-err>
  </testcase>
</testsuite>